{
  "RSpec": {
    "coverage": {
      "/home/kaiti/Projects/movie-rama/app/helpers/application_helper.rb": {
        "lines": [
          1,
          null
        ]
      },
      "/home/kaiti/Projects/movie-rama/app/services/reporting/movies/overview.rb": {
        "lines": [
          null,
          null,
          1,
          1,
          1,
          1,
          3,
          null,
          null,
          1,
          3,
          3,
          3,
          3,
          3,
          null,
          null,
          1,
          3,
          null,
          8,
          null,
          null,
          null,
          null,
          null,
          null,
          1,
          null,
          1,
          null,
          1,
          3,
          null,
          null,
          null,
          null,
          null,
          1,
          3,
          null,
          1,
          null,
          null,
          1,
          3,
          null,
          1,
          null,
          null,
          1,
          6,
          null,
          null,
          1,
          8,
          null,
          null,
          1,
          8,
          null,
          null,
          1,
          8,
          null,
          null,
          8,
          null,
          null,
          null,
          null,
          null,
          null,
          null,
          null,
          null,
          null
        ]
      },
      "/home/kaiti/Projects/movie-rama/app/models/user.rb": {
        "lines": [
          null,
          null,
          1,
          null,
          1,
          1,
          1,
          1,
          null,
          1,
          null,
          1,
          null,
          1,
          null,
          1,
          12,
          null,
          12,
          null,
          null
        ]
      },
      "/home/kaiti/Projects/movie-rama/app/models/application_record.rb": {
        "lines": [
          1,
          1,
          null
        ]
      },
      "/home/kaiti/Projects/movie-rama/app/models/movie.rb": {
        "lines": [
          null,
          null,
          1,
          1,
          null,
          1
        ]
      },
      "/home/kaiti/Projects/movie-rama/app/models/like.rb": {
        "lines": [
          null,
          null,
          1,
          1,
          1,
          null
        ]
      },
      "/home/kaiti/Projects/movie-rama/app/models/hate.rb": {
        "lines": [
          null,
          null,
          1,
          1,
          1,
          null
        ]
      },
      "/home/kaiti/Projects/movie-rama/app/models/aggregated_vote.rb": {
        "lines": [
          null,
          null,
          1,
          1,
          1,
          null,
          1,
          null,
          3,
          null,
          null
        ]
      },
      "/home/kaiti/Projects/movie-rama/app/controllers/application_controller.rb": {
        "lines": [
          0,
          null,
          0,
          0
        ],
        "branches": {}
      },
      "/home/kaiti/Projects/movie-rama/app/controllers/hates_controller.rb": {
        "lines": [
          null,
          null,
          0,
          null,
          0
        ],
        "branches": {}
      },
      "/home/kaiti/Projects/movie-rama/app/controllers/likes_controller.rb": {
        "lines": [
          null,
          null,
          0,
          null,
          0
        ],
        "branches": {}
      },
      "/home/kaiti/Projects/movie-rama/app/controllers/movies_controller.rb": {
        "lines": [
          null,
          null,
          0,
          0,
          0,
          0,
          null,
          0,
          null,
          0,
          0,
          0,
          0,
          0,
          0,
          0,
          0,
          0,
          0,
          0
        ],
        "branches": {}
      },
      "/home/kaiti/Projects/movie-rama/app/controllers/users_controller.rb": {
        "lines": [
          null,
          null,
          0,
          null,
          0
        ],
        "branches": {}
      },
      "/home/kaiti/Projects/movie-rama/app/controllers/votes_controller.rb": {
        "lines": [
          null,
          null,
          0,
          null,
          0
        ],
        "branches": {}
      },
      "/home/kaiti/Projects/movie-rama/app/jobs/application_job.rb": {
        "lines": [
          0,
          null,
          null,
          null,
          null,
          null,
          0
        ],
        "branches": {}
      },
      "/home/kaiti/Projects/movie-rama/app/mailers/application_mailer.rb": {
        "lines": [
          0,
          0,
          0,
          0
        ],
        "branches": {}
      }
    },
    "timestamp": 1740000699
  }
}
